# JRE version: Java(TM) SE Runtime Environment (8.0_92-b14) (build 1.8.0_92-b14)
# Java VM: Java HotSpot(TM) 64-Bit Server VM (25.92-b14 mixed mode windows-amd64 compressed oops)
Heap:
 PSYoungGen      total 183808K, used 58370K [0x00000000eab00000, 0x00000000f8000000, 0x0000000100000000)
  eden space 171520K, 26% used [0x00000000eab00000,0x00000000ed807d88,0x00000000f5280000)
  from space 12288K, 99% used [0x00000000f5280000,0x00000000f5e78ca0,0x00000000f5e80000)
  to   space 17920K, 0% used [0x00000000f6e80000,0x00000000f6e80000,0x00000000f8000000)
 ParOldGen       total 131072K, used 25526K [0x00000000c0000000, 0x00000000c8000000, 0x00000000eab00000)
  object space 131072K, 19% used [0x00000000c0000000,0x00000000c18ed8b0,0x00000000c8000000)
 Metaspace       used 50569K, capacity 51972K, committed 52096K, reserved 1093632K
  class space    used 6883K, capacity 7217K, committed 7296K, reserved 1048576K
GC Heap History (10 events):
Event: 4.031 GC heap before
{Heap before GC invocations=7 (full 1):
 PSYoungGen      total 104448K, used 102682K [0x00000000eab00000, 0x00000000f2d00000, 0x0000000100000000)
  eden space 96256K, 100% used [0x00000000eab00000,0x00000000f0900000,0x00000000f0900000)
  from space 8192K, 78% used [0x00000000f0900000,0x00000000f0f469b8,0x00000000f1100000)
  to   space 11264K, 0% used [0x00000000f2200000,0x00000000f2200000,0x00000000f2d00000)
 ParOldGen       total 83456K, used 8477K [0x00000000c0000000, 0x00000000c5180000, 0x00000000eab00000)
  object space 83456K, 10% used [0x00000000c0000000,0x00000000c0847730,0x00000000c5180000)
 Metaspace       used 32962K, capacity 33550K, committed 33920K, reserved 1079296K
  class space    used 4537K, capacity 4715K, committed 4736K, reserved 1048576K
Event: 4.041 GC heap after
Heap after GC invocations=7 (full 1):
 PSYoungGen      total 121344K, used 9938K [0x00000000eab00000, 0x00000000f4c00000, 0x0000000100000000)
  eden space 110080K, 0% used [0x00000000eab00000,0x00000000eab00000,0x00000000f1680000)
  from space 11264K, 88% used [0x00000000f2200000,0x00000000f2bb4ac8,0x00000000f2d00000)
  to   space 11776K, 0% used [0x00000000f1680000,0x00000000f1680000,0x00000000f2200000)
 ParOldGen       total 83456K, used 8485K [0x00000000c0000000, 0x00000000c5180000, 0x00000000eab00000)
  object space 83456K, 10% used [0x00000000c0000000,0x00000000c0849730,0x00000000c5180000)
 Metaspace       used 32962K, capacity 33550K, committed 33920K, reserved 1079296K
  class space    used 4537K, capacity 4715K, committed 4736K, reserved 1048576K
}
Event: 4.168 GC heap before
{Heap before GC invocations=8 (full 1):
 PSYoungGen      total 121344K, used 26324K [0x00000000eab00000, 0x00000000f4c00000, 0x0000000100000000)
  eden space 110080K, 14% used [0x00000000eab00000,0x00000000ebb005a8,0x00000000f1680000)
  from space 11264K, 88% used [0x00000000f2200000,0x00000000f2bb4ac8,0x00000000f2d00000)
  to   space 11776K, 0% used [0x00000000f1680000,0x00000000f1680000,0x00000000f2200000)
 ParOldGen       total 83456K, used 8485K [0x00000000c0000000, 0x00000000c5180000, 0x00000000eab00000)
  object space 83456K, 10% used [0x00000000c0000000,0x00000000c0849730,0x00000000c5180000)
 Metaspace       used 34564K, capacity 35128K, committed 35456K, reserved 1079296K
  class space    used 4756K, capacity 4914K, committed 4992K, reserved 1048576K
Event: 4.175 GC heap after
Heap after GC invocations=8 (full 1):
 PSYoungGen      total 121856K, used 7888K [0x00000000eab00000, 0x00000000f6a80000, 0x0000000100000000)
  eden space 110080K, 0% used [0x00000000eab00000,0x00000000eab00000,0x00000000f1680000)
  from space 11776K, 66% used [0x00000000f1680000,0x00000000f1e340e8,0x00000000f2200000)
  to   space 11264K, 0% used [0x00000000f5f80000,0x00000000f5f80000,0x00000000f6a80000)
 ParOldGen       total 83456K, used 8485K [0x00000000c0000000, 0x00000000c5180000, 0x00000000eab00000)
  object space 83456K, 10% used [0x00000000c0000000,0x00000000c0849730,0x00000000c5180000)
 Metaspace       used 34564K, capacity 35128K, committed 35456K, reserved 1079296K
  class space    used 4756K, capacity 4914K, committed 4992K, reserved 1048576K
}
Event: 4.175 GC heap before
{Heap before GC invocations=9 (full 2):
 PSYoungGen      total 121856K, used 7888K [0x00000000eab00000, 0x00000000f6a80000, 0x0000000100000000)
  eden space 110080K, 0% used [0x00000000eab00000,0x00000000eab00000,0x00000000f1680000)
  from space 11776K, 66% used [0x00000000f1680000,0x00000000f1e340e8,0x00000000f2200000)
  to   space 11264K, 0% used [0x00000000f5f80000,0x00000000f5f80000,0x00000000f6a80000)
 ParOldGen       total 83456K, used 8485K [0x00000000c0000000, 0x00000000c5180000, 0x00000000eab00000)
  object space 83456K, 10% used [0x00000000c0000000,0x00000000c0849730,0x00000000c5180000)
 Metaspace       used 34564K, capacity 35128K, committed 35456K, reserved 1079296K
  class space    used 4756K, capacity 4914K, committed 4992K, reserved 1048576K
Event: 4.272 GC heap after
Heap after GC invocations=9 (full 2):
 PSYoungGen      total 121856K, used 0K [0x00000000eab00000, 0x00000000f6a80000, 0x0000000100000000)
  eden space 110080K, 0% used [0x00000000eab00000,0x00000000eab00000,0x00000000f1680000)
  from space 11776K, 0% used [0x00000000f1680000,0x00000000f1680000,0x00000000f2200000)
  to   space 11264K, 0% used [0x00000000f5f80000,0x00000000f5f80000,0x00000000f6a80000)
 ParOldGen       total 131072K, used 14471K [0x00000000c0000000, 0x00000000c8000000, 0x00000000eab00000)
  object space 131072K, 11% used [0x00000000c0000000,0x00000000c0e21e28,0x00000000c8000000)
 Metaspace       used 34564K, capacity 35128K, committed 35456K, reserved 1079296K
  class space    used 4756K, capacity 4914K, committed 4992K, reserved 1048576K
}
Event: 5.467 GC heap before
{Heap before GC invocations=10 (full 2):
 PSYoungGen      total 121856K, used 110080K [0x00000000eab00000, 0x00000000f6a80000, 0x0000000100000000)
  eden space 110080K, 100% used [0x00000000eab00000,0x00000000f1680000,0x00000000f1680000)
  from space 11776K, 0% used [0x00000000f1680000,0x00000000f1680000,0x00000000f2200000)
  to   space 11264K, 0% used [0x00000000f5f80000,0x00000000f5f80000,0x00000000f6a80000)
 ParOldGen       total 131072K, used 14471K [0x00000000c0000000, 0x00000000c8000000, 0x00000000eab00000)
  object space 131072K, 11% used [0x00000000c0000000,0x00000000c0e21e28,0x00000000c8000000)
 Metaspace       used 43134K, capacity 44014K, committed 44416K, reserved 1087488K
  class space    used 5914K, capacity 6162K, committed 6272K, reserved 1048576K
Event: 5.477 GC heap after
Heap after GC invocations=10 (full 2):
 PSYoungGen      total 163328K, used 11207K [0x00000000eab00000, 0x00000000f6a80000, 0x0000000100000000)
  eden space 152064K, 0% used [0x00000000eab00000,0x00000000eab00000,0x00000000f3f80000)
  from space 11264K, 99% used [0x00000000f5f80000,0x00000000f6a71c40,0x00000000f6a80000)
  to   space 12288K, 0% used [0x00000000f5280000,0x00000000f5280000,0x00000000f5e80000)
 ParOldGen       total 131072K, used 14543K [0x00000000c0000000, 0x00000000c8000000, 0x00000000eab00000)
  object space 131072K, 11% used [0x00000000c0000000,0x00000000c0e33e38,0x00000000c8000000)
 Metaspace       used 43134K, capacity 44014K, committed 44416K, reserved 1087488K
  class space    used 5914K, capacity 6162K, committed 6272K, reserved 1048576K
}
Event: 13.007 GC heap before
{Heap before GC invocations=11 (full 2):
 PSYoungGen      total 163328K, used 163271K [0x00000000eab00000, 0x00000000f6a80000, 0x0000000100000000)
  eden space 152064K, 100% used [0x00000000eab00000,0x00000000f3f80000,0x00000000f3f80000)
  from space 11264K, 99% used [0x00000000f5f80000,0x00000000f6a71c40,0x00000000f6a80000)
  to   space 12288K, 0% used [0x00000000f5280000,0x00000000f5280000,0x00000000f5e80000)
 ParOldGen       total 131072K, used 14543K [0x00000000c0000000, 0x00000000c8000000, 0x00000000eab00000)
  object space 131072K, 11% used [0x00000000c0000000,0x00000000c0e33e38,0x00000000c8000000)
 Metaspace       used 50291K, capacity 51634K, committed 51712K, reserved 1093632K
  class space    used 6861K, capacity 7150K, committed 7168K, reserved 1048576K
Event: 13.029 GC heap after
Heap after GC invocations=11 (full 2):
 PSYoungGen      total 183808K, used 12259K [0x00000000eab00000, 0x00000000f8000000, 0x0000000100000000)
  eden space 171520K, 0% used [0x00000000eab00000,0x00000000eab00000,0x00000000f5280000)
  from space 12288K, 99% used [0x00000000f5280000,0x00000000f5e78ca0,0x00000000f5e80000)
  to   space 17920K, 0% used [0x00000000f6e80000,0x00000000f6e80000,0x00000000f8000000)
 ParOldGen       total 131072K, used 25526K [0x00000000c0000000, 0x00000000c8000000, 0x00000000eab00000)
  object space 131072K, 19% used [0x00000000c0000000,0x00000000c18ed8b0,0x00000000c8000000)
 Metaspace       used 50291K, capacity 51634K, committed 51712K, reserved 1093632K
  class space    used 6861K, capacity 7150K, committed 7168K, reserved 1048576K
}

